[debug] [2026-05-13T17:28:11.660Z] ----------------------------------------------------------------------
[debug] [2026-05-13T17:28:11.663Z] Command:       C:\Program Files\nodejs\node.exe C:\Users\HP\AppData\Roaming\npm\node_modules\firebase-tools\lib\bin\firebase.js init
[debug] [2026-05-13T17:28:11.663Z] CLI Version:   15.17.0
[debug] [2026-05-13T17:28:11.663Z] Platform:      win32
[debug] [2026-05-13T17:28:11.663Z] Node Version:  v24.15.0
[debug] [2026-05-13T17:28:11.663Z] Time:          Wed May 13 2026 22:58:11 GMT+0530 (India Standard Time)
[debug] [2026-05-13T17:28:11.664Z] ----------------------------------------------------------------------
[debug] 
[info] 
     ######## #### ########  ######## ########     ###     ######  ########
     ##        ##  ##     ## ##       ##     ##  ##   ##  ##       ##
     ######    ##  ########  ######   ########  #########  ######  ######
     ##        ##  ##    ##  ##       ##     ## ##     ##       ## ##
     ##       #### ##     ## ######## ########  ##     ##  ######  ########

You're about to initialize a Firebase project in this directory:

  C:\GDGC_NEW\OBJ_DET

Before we get started, keep in mind:

  * You are currently outside your home directory

[info] 
=== Project Setup
[info] 
[info] First, let's associate this project directory with a Firebase project.
[info] You can create multiple project aliases by running firebase use --add, 
[info] 
[debug] [2026-05-13T17:28:42.395Z] > command requires scopes: ["email","openid","https://www.googleapis.com/auth/cloudplatformprojects.readonly","https://www.googleapis.com/auth/firebase","https://www.googleapis.com/auth/cloud-platform"]
[debug] [2026-05-13T17:28:42.395Z] > authorizing via signed-in user (rohini.raysub@gmail.com)
[debug] [2026-05-13T17:28:42.397Z] Checked if tokens are valid: false, expires at: 1778672296854
[debug] [2026-05-13T17:28:42.399Z] Checked if tokens are valid: false, expires at: 1778672296854
[debug] [2026-05-13T17:28:42.399Z] > refreshing access token with scopes: []
[debug] [2026-05-13T17:28:42.402Z] >>> [apiv2][query] POST https://www.googleapis.com/oauth2/v3/token [none]
[debug] [2026-05-13T17:28:42.402Z] >>> [apiv2][body] POST https://www.googleapis.com/oauth2/v3/token [omitted]
[debug] [2026-05-13T17:28:42.706Z] <<< [apiv2][status] POST https://www.googleapis.com/oauth2/v3/token 200
[debug] [2026-05-13T17:28:42.707Z] <<< [apiv2][body] POST https://www.googleapis.com/oauth2/v3/token [omitted]
[debug] [2026-05-13T17:28:42.721Z] >>> [apiv2][query] GET https://firebase.googleapis.com/v1beta1/projects pageSize=100
[debug] [2026-05-13T17:28:43.699Z] <<< [apiv2][status] GET https://firebase.googleapis.com/v1beta1/projects 200
[debug] [2026-05-13T17:28:43.699Z] <<< [apiv2][body] GET https://firebase.googleapis.com/v1beta1/projects [omitted]
[info] 
=== Hosting Setup
[debug] [2026-05-13T17:28:50.183Z] Checked if tokens are valid: true, expires at: 1778696921707
[debug] [2026-05-13T17:28:50.183Z] Checked if tokens are valid: true, expires at: 1778696921707
[debug] [2026-05-13T17:28:50.184Z] >>> [apiv2][query] GET https://firebase.googleapis.com/v1beta1/projects/objdet1-739f7 [none]
[debug] [2026-05-13T17:28:50.710Z] <<< [apiv2][status] GET https://firebase.googleapis.com/v1beta1/projects/objdet1-739f7 200
[debug] [2026-05-13T17:28:50.711Z] <<< [apiv2][body] GET https://firebase.googleapis.com/v1beta1/projects/objdet1-739f7 {"projectId":"objdet1-739f7","projectNumber":"360312534318","displayName":"objdet1","name":"projects/objdet1-739f7","resources":{"hostingSite":"objdet1-739f7"},"state":"ACTIVE","etag":"1_86324807-c693-4745-97b1-d55e721e2aac"}
[info] 
[info] Your public directory is the folder (relative to your project directory) that
[info] will contain Hosting assets to be uploaded with firebase deploy. If you
[info] have a build process for your assets, use your build's output directory.
[info] 
